{"level":"info","message":"Connected to the database successfully","timestamp":"2025-03-20T15:07:34.330Z"}
{"level":"info","message":"Server running on port 3001","timestamp":"2025-03-20T15:07:34.338Z"}
{"level":"info","message":"Connected to the database successfully","timestamp":"2025-03-20T15:52:27.831Z"}
{"level":"info","message":"Server running on port 3001","timestamp":"2025-03-20T15:52:27.840Z"}
{"level":"info","message":"Connected to the database successfully","timestamp":"2025-03-20T15:52:45.771Z"}
{"level":"info","message":"Server running on port 3001","timestamp":"2025-03-20T15:52:45.783Z"}
{"level":"info","message":"Connected to the database successfully","timestamp":"2025-03-20T16:24:06.049Z"}
{"level":"info","message":"Server running on port 3001","timestamp":"2025-03-20T16:24:06.061Z"}
{"level":"info","message":"Connected to the database successfully","timestamp":"2025-03-20T16:24:16.354Z"}
{"level":"info","message":"Server running on port 3001","timestamp":"2025-03-20T16:24:16.363Z"}
{"level":"info","message":"Connected to the database successfully","timestamp":"2025-03-20T16:24:26.749Z"}
{"level":"info","message":"Server running on port 3001","timestamp":"2025-03-20T16:24:26.758Z"}
{"level":"info","message":"Connected to the database successfully","timestamp":"2025-03-20T16:24:48.696Z"}
{"level":"info","message":"Server running on port 3001","timestamp":"2025-03-20T16:24:48.705Z"}
{"level":"info","message":"Connected to the database successfully","timestamp":"2025-03-20T16:25:01.972Z"}
{"level":"info","message":"Server running on port 3001","timestamp":"2025-03-20T16:25:01.981Z"}
{"level":"info","message":"Connected to the database successfully","timestamp":"2025-03-20T16:26:48.711Z"}
{"level":"info","message":"Server running on port 3001","timestamp":"2025-03-20T16:26:48.719Z"}
{"level":"error","timestamp":"2025-03-20T16:27:07.769Z"}
{"level":"info","message":"Connected to the database successfully","timestamp":"2025-03-20T16:35:25.266Z"}
{"level":"info","message":"Server running on port 3001","timestamp":"2025-03-20T16:35:25.276Z"}
{"level":"info","message":"Connected to the database successfully","timestamp":"2025-03-20T16:35:30.118Z"}
{"level":"info","message":"Server running on port 3001","timestamp":"2025-03-20T16:35:30.126Z"}
{"level":"info","message":"Connected to the database successfully","timestamp":"2025-03-20T16:35:41.361Z"}
{"level":"info","message":"Server running on port 3001","timestamp":"2025-03-20T16:35:41.369Z"}
{"level":"info","message":"Connected to the database successfully","timestamp":"2025-03-20T16:35:45.408Z"}
{"level":"info","message":"Server running on port 3001","timestamp":"2025-03-20T16:35:45.417Z"}
{"level":"info","message":"Connected to the database successfully","timestamp":"2025-03-20T16:39:09.232Z"}
{"level":"info","message":"Server running on port 3001","timestamp":"2025-03-20T16:39:09.241Z"}
{"level":"info","message":"Connected to the database successfully","timestamp":"2025-03-20T16:40:35.753Z"}
{"level":"info","message":"Server running on port 3001","timestamp":"2025-03-20T16:40:35.763Z"}
{"level":"info","message":"Connected to the database successfully","timestamp":"2025-03-20T16:46:14.342Z"}
{"level":"info","message":"Server running on port 3001","timestamp":"2025-03-20T16:46:14.351Z"}
{"level":"info","message":"Connected to the database successfully","timestamp":"2025-03-20T16:47:33.310Z"}
{"level":"info","message":"Server running on port 3001","timestamp":"2025-03-20T16:47:33.319Z"}
{"level":"error","message":"TypeError: Cannot read properties of undefined (reading 'findMany')\n    at Object.getAllCompanies (D:\\work\\noflexi\\data-service\\src\\services\\companyService.js:7:27)\n    at D:\\work\\noflexi\\data-service\\src\\routes\\companies.js:9:44\n    at Layer.handle [as handle_request] (D:\\work\\noflexi\\data-service\\node_modules\\express\\lib\\router\\layer.js:95:5)\n    at next (D:\\work\\noflexi\\data-service\\node_modules\\express\\lib\\router\\route.js:149:13)\n    at Route.dispatch (D:\\work\\noflexi\\data-service\\node_modules\\express\\lib\\router\\route.js:119:3)\n    at Layer.handle [as handle_request] (D:\\work\\noflexi\\data-service\\node_modules\\express\\lib\\router\\layer.js:95:5)\n    at D:\\work\\noflexi\\data-service\\node_modules\\express\\lib\\router\\index.js:284:15\n    at Function.process_params (D:\\work\\noflexi\\data-service\\node_modules\\express\\lib\\router\\index.js:346:12)\n    at next (D:\\work\\noflexi\\data-service\\node_modules\\express\\lib\\router\\index.js:280:10)\n    at Function.handle (D:\\work\\noflexi\\data-service\\node_modules\\express\\lib\\router\\index.js:175:3)","timestamp":"2025-03-20T16:50:15.821Z"}
{"level":"info","message":"Connected to the database successfully","timestamp":"2025-03-20T23:38:03.440Z"}
{"level":"info","message":"Server running on port 3001","timestamp":"2025-03-20T23:38:03.474Z"}
{"level":"error","timestamp":"2025-03-20T23:56:33.750Z"}
{"level":"info","message":"Connected to the database successfully","timestamp":"2025-03-26T02:00:58.027Z"}
{"level":"info","message":"Server running on port 3001","timestamp":"2025-03-26T02:00:58.036Z"}
{"level":"info","message":"Connected to the database successfully","timestamp":"2025-03-26T02:04:26.806Z"}
{"level":"info","message":"Server running on port 3001","timestamp":"2025-03-26T02:04:26.815Z"}
{"level":"error","timestamp":"2025-03-26T02:05:17.833Z"}
{"level":"error","timestamp":"2025-03-26T02:05:36.228Z"}
{"level":"info","message":"Connected to the database successfully","timestamp":"2025-03-26T13:22:44.979Z"}
{"level":"info","message":"Server running on port 3001","timestamp":"2025-03-26T13:22:44.987Z"}
{"level":"error","message":"Error: L'ID de l'entreprise est requis\n    at Object.createUser (D:\\work\\flexpaie\\data-service\\src\\services\\userService.js:57:13)\n    at D:\\work\\flexpaie\\data-service\\src\\routes\\users.js:32:36\n    at Layer.handle [as handle_request] (D:\\work\\flexpaie\\data-service\\node_modules\\express\\lib\\router\\layer.js:95:5)\n    at next (D:\\work\\flexpaie\\data-service\\node_modules\\express\\lib\\router\\route.js:149:13)\n    at D:\\work\\flexpaie\\data-service\\src\\utils\\validators.js:9:3\n    at Layer.handle [as handle_request] (D:\\work\\flexpaie\\data-service\\node_modules\\express\\lib\\router\\layer.js:95:5)\n    at next (D:\\work\\flexpaie\\data-service\\node_modules\\express\\lib\\router\\route.js:149:13)\n    at Route.dispatch (D:\\work\\flexpaie\\data-service\\node_modules\\express\\lib\\router\\route.js:119:3)\n    at Layer.handle [as handle_request] (D:\\work\\flexpaie\\data-service\\node_modules\\express\\lib\\router\\layer.js:95:5)\n    at D:\\work\\flexpaie\\data-service\\node_modules\\express\\lib\\router\\index.js:284:15","timestamp":"2025-03-26T13:36:11.435Z"}
{"level":"info","message":"Connected to the database successfully","timestamp":"2025-03-26T13:37:25.307Z"}
{"level":"info","message":"Server running on port 3001","timestamp":"2025-03-26T13:37:25.315Z"}
{"level":"info","message":"Connected to the database successfully","timestamp":"2025-03-26T13:37:29.081Z"}
{"level":"info","message":"Server running on port 3001","timestamp":"2025-03-26T13:37:29.089Z"}
{"level":"error","message":"PrismaClientKnownRequestError: \nInvalid `prisma.company.create()` invocation in\nD:\\work\\flexpaie\\data-service\\src\\services\\companyService.js:57:27\n\n  54 \n  55 // Créer une nouvelle entreprise\n  56 async createCompany(companyData) {\n→ 57   return prisma.company.create(\nUnique constraint failed on the fields: (`iceNumber`)\n    at Wn.handleRequestError (D:\\work\\flexpaie\\data-service\\node_modules\\@prisma\\client\\runtime\\library.js:121:7534)\n    at Wn.handleAndLogRequestError (D:\\work\\flexpaie\\data-service\\node_modules\\@prisma\\client\\runtime\\library.js:121:6858)\n    at Wn.request (D:\\work\\flexpaie\\data-service\\node_modules\\@prisma\\client\\runtime\\library.js:121:6565)\n    at async l (D:\\work\\flexpaie\\data-service\\node_modules\\@prisma\\client\\runtime\\library.js:130:10067)\n    at async D:\\work\\flexpaie\\data-service\\src\\routes\\companies.js:45:21","timestamp":"2025-03-26T13:55:30.729Z"}
{"level":"error","message":"PrismaClientKnownRequestError: \nInvalid `prisma.company.create()` invocation in\nD:\\work\\flexpaie\\data-service\\src\\services\\companyService.js:57:27\n\n  54 \n  55 // Créer une nouvelle entreprise\n  56 async createCompany(companyData) {\n→ 57   return prisma.company.create(\nUnique constraint failed on the fields: (`iceNumber`)\n    at Wn.handleRequestError (D:\\work\\flexpaie\\data-service\\node_modules\\@prisma\\client\\runtime\\library.js:121:7534)\n    at Wn.handleAndLogRequestError (D:\\work\\flexpaie\\data-service\\node_modules\\@prisma\\client\\runtime\\library.js:121:6858)\n    at Wn.request (D:\\work\\flexpaie\\data-service\\node_modules\\@prisma\\client\\runtime\\library.js:121:6565)\n    at async l (D:\\work\\flexpaie\\data-service\\node_modules\\@prisma\\client\\runtime\\library.js:130:10067)\n    at async D:\\work\\flexpaie\\data-service\\src\\routes\\companies.js:45:21","timestamp":"2025-03-26T13:56:46.187Z"}
{"level":"info","message":"Connected to the database successfully","timestamp":"2025-03-26T14:24:40.353Z"}
{"level":"info","message":"Server running on port 3001","timestamp":"2025-03-26T14:24:40.362Z"}
{"level":"error","message":"PrismaClientKnownRequestError: \nInvalid `prisma.company.create()` invocation in\nD:\\work\\flexpaie\\data-service\\src\\services\\companyService.js:57:27\n\n  54 \n  55 // Créer une nouvelle entreprise\n  56 async createCompany(companyData) {\n→ 57   return prisma.company.create(\nUnique constraint failed on the fields: (`iceNumber`)\n    at Wn.handleRequestError (D:\\work\\flexpaie\\data-service\\node_modules\\@prisma\\client\\runtime\\library.js:121:7534)\n    at Wn.handleAndLogRequestError (D:\\work\\flexpaie\\data-service\\node_modules\\@prisma\\client\\runtime\\library.js:121:6858)\n    at Wn.request (D:\\work\\flexpaie\\data-service\\node_modules\\@prisma\\client\\runtime\\library.js:121:6565)\n    at async l (D:\\work\\flexpaie\\data-service\\node_modules\\@prisma\\client\\runtime\\library.js:130:10067)\n    at async D:\\work\\flexpaie\\data-service\\src\\routes\\companies.js:45:21","timestamp":"2025-03-26T14:24:46.122Z"}
{"level":"error","message":"PrismaClientKnownRequestError: \nInvalid `prisma.company.create()` invocation in\nD:\\work\\flexpaie\\data-service\\src\\services\\companyService.js:57:27\n\n  54 \n  55 // Créer une nouvelle entreprise\n  56 async createCompany(companyData) {\n→ 57   return prisma.company.create(\nUnique constraint failed on the fields: (`registryNumber`)\n    at Wn.handleRequestError (D:\\work\\flexpaie\\data-service\\node_modules\\@prisma\\client\\runtime\\library.js:121:7534)\n    at Wn.handleAndLogRequestError (D:\\work\\flexpaie\\data-service\\node_modules\\@prisma\\client\\runtime\\library.js:121:6858)\n    at Wn.request (D:\\work\\flexpaie\\data-service\\node_modules\\@prisma\\client\\runtime\\library.js:121:6565)\n    at async l (D:\\work\\flexpaie\\data-service\\node_modules\\@prisma\\client\\runtime\\library.js:130:10067)\n    at async D:\\work\\flexpaie\\data-service\\src\\routes\\companies.js:45:21","timestamp":"2025-03-26T14:24:54.045Z"}
{"level":"info","message":"Connected to the database successfully","timestamp":"2025-03-26T14:25:13.052Z"}
{"level":"info","message":"Server running on port 3001","timestamp":"2025-03-26T14:25:13.060Z"}
{"level":"info","message":"Connected to the database successfully","timestamp":"2025-03-26T14:28:18.478Z"}
{"level":"info","message":"Server running on port 3001","timestamp":"2025-03-26T14:28:18.487Z"}
{"level":"info","message":"Connected to the database successfully","timestamp":"2025-03-26T14:35:05.014Z"}
{"level":"info","message":"Server running on port 3001","timestamp":"2025-03-26T14:35:05.022Z"}
{"level":"error","message":"PrismaClientKnownRequestError: \nInvalid `prisma.company.create()` invocation in\nD:\\work\\flexpaie\\data-service\\src\\services\\companyService.js:57:27\n\n  54 \n  55 // Créer une nouvelle entreprise\n  56 async createCompany(companyData) {\n→ 57   return prisma.company.create(\nUnique constraint failed on the fields: (`iceNumber`)\n    at Wn.handleRequestError (D:\\work\\flexpaie\\data-service\\node_modules\\@prisma\\client\\runtime\\library.js:121:7534)\n    at Wn.handleAndLogRequestError (D:\\work\\flexpaie\\data-service\\node_modules\\@prisma\\client\\runtime\\library.js:121:6858)\n    at Wn.request (D:\\work\\flexpaie\\data-service\\node_modules\\@prisma\\client\\runtime\\library.js:121:6565)\n    at async l (D:\\work\\flexpaie\\data-service\\node_modules\\@prisma\\client\\runtime\\library.js:130:10067)\n    at async D:\\work\\flexpaie\\data-service\\src\\routes\\companies.js:45:21","timestamp":"2025-03-26T14:36:01.132Z"}
{"level":"info","message":"Connected to the database successfully","timestamp":"2025-03-26T14:53:44.203Z"}
{"level":"info","message":"Server running on port 3001","timestamp":"2025-03-26T14:53:44.219Z"}
{"level":"info","message":"Connected to the database successfully","timestamp":"2025-03-26T14:56:50.531Z"}
{"level":"info","message":"Server running on port 3001","timestamp":"2025-03-26T14:56:50.540Z"}
{"level":"info","message":"Connected to the database successfully","timestamp":"2025-03-26T15:10:24.611Z"}
{"level":"info","message":"Server running on port 3001","timestamp":"2025-03-26T15:10:24.626Z"}
{"level":"info","message":"Connected to the database successfully","timestamp":"2025-03-26T15:10:53.603Z"}
{"level":"info","message":"Server running on port 3001","timestamp":"2025-03-26T15:10:53.612Z"}
